<?xml version="1.0" encoding="UTF-8"?>
<!-- Generated by org.testng.reporters.JUnitReportReporter -->
<testsuite hostname="DESKTOP-B7LJT49" failures="0" tests="6" name="tests.LoginTest" time="31.497" errors="0" timestamp="2025-07-03T21:04:35 CEST" skipped="0">
  <testcase classname="tests.LoginTest" name="verfiyPageTitle" time="6.029"/>
  <testcase classname="tests.LoginTest" name="verfiyPageTitle" time="3.529"/>
  <testcase classname="tests.LoginTest" name="verifyLoginPageHeader" time="5.929"/>
  <testcase classname="tests.LoginTest" name="verifyLoginPageHeader" time="2.251"/>
  <testcase classname="tests.LoginTest" name="verifyLoginPage" time="9.968"/>
  <testcase classname="tests.LoginTest" name="verifyLoginPage" time="3.791"/>
</testsuite> <!-- tests.LoginTest -->
